<?xml version="1.0" encoding="UTF-8"?>
<!-- Generated by org.testng.reporters.JUnitReportReporter -->
<testsuite hostname="viniras-Air.modem" failures="0" tests="1" name="FiftyOneTestCasesTestNG.MyAccount" time="31.764" errors="0" timestamp="2023-03-10T21:33:21 ACDT" skipped="0">
  <testcase classname="FiftyOneTestCasesTestNG.MyAccount" name="Dashboard" time="31.764"/>
  <system-out/>
</testsuite> <!-- FiftyOneTestCasesTestNG.MyAccount -->
