<?xml version="1.0" encoding="UTF-8"?>
<!-- Generated by org.testng.reporters.JUnitReportReporter -->
<testsuite hostname="viniras-Air.modem" failures="0" tests="3" name="package1Test.IgnoreTest" time="0.004" errors="0" timestamp="2023-03-06T00:44:38 ACDT" skipped="1">
  <testcase classname="package1Test.IgnoreTest" name="testPrint" time="0.002"/>
  <system-out/>
  <testcase classname="package1Test.IgnoreTest" name="testPrint2" time="0.002"/>
  <system-out/>
  <testcase classname="package1Test.IgnoreTest" name="testPrint0">
    <skipped/>
  </testcase> <!-- testPrint0 -->
  <system-out/>
</testsuite> <!-- package1Test.IgnoreTest -->
