<?xml version="1.0" encoding="UTF-8"?>
<!-- Generated by org.testng.reporters.JUnitReportReporter -->
<testsuite hostname="viniras-Air.modem" failures="0" tests="5" name="package1Test.priorityTest" time="0.026" errors="0" timestamp="2023-02-28T15:09:08 ACDT" skipped="0">
  <testcase classname="package1Test.priorityTest" name="test3" time="0.010"/>
  <system-out/>
  <testcase classname="package1Test.priorityTest" name="test1" time="0.005"/>
  <system-out/>
  <testcase classname="package1Test.priorityTest" name="test5" time="0.003"/>
  <system-out/>
  <testcase classname="package1Test.priorityTest" name="test2" time="0.003"/>
  <system-out/>
  <testcase classname="package1Test.priorityTest" name="test4" time="0.005"/>
  <system-out/>
</testsuite> <!-- package1Test.priorityTest -->
