<?xml version="1.0" encoding="UTF-8"?>
<!-- Generated by org.testng.reporters.JUnitReportReporter -->
<testsuite hostname="viniras-Air.modem" failures="0" tests="3" name="package1Test.dependsOnGroupsTest" time="0.002" errors="0" timestamp="2023-03-06T00:44:38 ACDT" skipped="1">
  <testcase classname="package1Test.dependsOnGroupsTest" name="test3" time="0.001"/>
  <system-out/>
  <testcase classname="package1Test.dependsOnGroupsTest" name="test1" time="0.001"/>
  <system-out/>
  <testcase classname="package1Test.dependsOnGroupsTest" name="test2" time="0.000">
    <skipped/>
  </testcase> <!-- test2 -->
  <system-out/>
</testsuite> <!-- package1Test.dependsOnGroupsTest -->
