<?xml version="1.0" encoding="UTF-8"?>
<!-- Generated by org.testng.reporters.JUnitReportReporter -->
<testsuite hostname="viniras-Air.modem" failures="0" tests="2" name="package1.testing1" time="0.010" errors="0" timestamp="2023-02-22T13:06:41 ACDT" skipped="0">
  <testcase classname="package1.testing1" name="test1" time="0.008"/>
  <system-out/>
  <testcase classname="package1.testing1" name="test2" time="0.002"/>
  <system-out/>
</testsuite> <!-- package1.testing1 -->
