<?xml version="1.0" encoding="UTF-8"?>
<!-- Generated by org.testng.reporters.JUnitReportReporter -->
<testsuite hostname="viniras-Air.modem" failures="0" tests="2" name="package1Test.testing1Practice" time="0.011" errors="0" timestamp="2023-03-05T21:04:33 ACDT" skipped="0">
  <testcase classname="package1Test.testing1Practice" name="test1" time="0.008"/>
  <system-out/>
  <testcase classname="package1Test.testing1Practice" name="test2" time="0.003"/>
  <system-out/>
</testsuite> <!-- package1Test.testing1Practice -->
