<?xml version="1.0" encoding="UTF-8"?>
<!-- Generated by org.testng.reporters.JUnitReportReporter -->
<testsuite hostname="viniras-Air.modem" failures="0" tests="4" name="package1Test.DependencyTestUsingAnnotation" time="0.013" errors="0" timestamp="2023-02-28T23:26:35 ACDT" skipped="0">
  <testcase classname="package1Test.DependencyTestUsingAnnotation" name="test1" time="0.009"/>
  <system-out/>
  <testcase classname="package1Test.DependencyTestUsingAnnotation" name="test3" time="0.001"/>
  <system-out/>
  <testcase classname="package1Test.DependencyTestUsingAnnotation" name="test4" time="0.002"/>
  <system-out/>
  <testcase classname="package1Test.DependencyTestUsingAnnotation" name="test2" time="0.001"/>
  <system-out/>
</testsuite> <!-- package1Test.DependencyTestUsingAnnotation -->
