<?xml version="1.0" encoding="UTF-8"?>
<!-- Generated by org.testng.reporters.JUnitReportReporter -->
<testsuite hostname="viniras-Air.modem" failures="0" tests="3" name="package1Test.parameterizedTest1" time="0.010" errors="0" timestamp="2023-03-06T01:07:32 ACDT" skipped="0">
  <testcase classname="package1Test.parameterizedTest1" name="prameterTestOne" time="0.001"/>
  <system-out/>
  <testcase classname="package1Test.parameterizedTest1" name="parameterTest" time="0.008"/>
  <system-out/>
  <testcase classname="package1Test.parameterizedTest1" name="parameterTest1" time="0.001"/>
  <system-out/>
</testsuite> <!-- package1Test.parameterizedTest1 -->
