<?xml version="1.0" encoding="UTF-8"?>
<!-- Generated by org.testng.reporters.JUnitReportReporter -->
<testsuite hostname="viniras-Air.modem" failures="0" tests="2" name="package1Test.testing2Practice" time="0.013" errors="0" timestamp="2023-03-06T00:44:38 ACDT" skipped="0">
  <testcase classname="package1Test.testing2Practice" name="test2" time="0.002"/>
  <system-out/>
  <testcase classname="package1Test.testing2Practice" name="test1" time="0.011"/>
  <system-out/>
</testsuite> <!-- package1Test.testing2Practice -->
