<?xml version="1.0" encoding="UTF-8"?>
<!-- Generated by org.testng.reporters.JUnitReportReporter -->
<testsuite hostname="viniras-Air.modem" failures="0" tests="2" name="package1Test.descriptionTest" time="0.014" errors="0" timestamp="2023-02-24T22:25:55 ACDT" skipped="0">
  <testcase classname="package1Test.descriptionTest" name="Test1" time="0.009"/>
  <system-out/>
  <testcase classname="package1Test.descriptionTest" name="Test2" time="0.005"/>
  <system-out/>
</testsuite> <!-- package1Test.descriptionTest -->
