<?xml version="1.0" encoding="UTF-8"?>
<!-- Generated by org.testng.reporters.JUnitReportReporter -->
<testsuite hostname="viniras-Air.modem" failures="0" tests="1" name="package1Test.testingBaseClass" time="17.179" errors="0" timestamp="2023-03-07T22:48:08 ACDT" skipped="0">
  <testcase classname="package1Test.testingBaseClass" name="test1" time="17.179"/>
  <system-out/>
</testsuite> <!-- package1Test.testingBaseClass -->
