<?xml version="1.0" encoding="UTF-8"?>
<!-- Generated by org.testng.reporters.JUnitReportReporter -->
<testsuite hostname="viniras-Air.modem" failures="0" tests="5" name="FiftyOneTestCasesTestNG.Registration" time="59.831" errors="0" timestamp="2023-03-09T01:35:34 ACDT" skipped="4">
  <testcase classname="FiftyOneTestCasesTestNG.Registration" name="signIn" time="59.831"/>
  <system-out/>
  <testcase classname="FiftyOneTestCasesTestNG.Registration" name="emptyEmail_Id">
    <skipped/>
  </testcase> <!-- emptyEmail_Id -->
  <system-out/>
  <testcase classname="FiftyOneTestCasesTestNG.Registration" name="EmptyPassword">
    <skipped/>
  </testcase> <!-- EmptyPassword -->
  <system-out/>
  <testcase classname="FiftyOneTestCasesTestNG.Registration" name="InvalidEmail_Id">
    <skipped/>
  </testcase> <!-- InvalidEmail_Id -->
  <system-out/>
  <testcase classname="FiftyOneTestCasesTestNG.Registration" name="emptyEmailAndPassword">
    <skipped/>
  </testcase> <!-- emptyEmailAndPassword -->
  <system-out/>
</testsuite> <!-- FiftyOneTestCasesTestNG.Registration -->
