<?xml version="1.0" encoding="UTF-8"?>
<!-- Generated by org.testng.reporters.JUnitReportReporter -->
<testsuite hostname="viniras-Air.modem" failures="0" tests="2" name="package1Test.dataProviderTesting" time="0.008" errors="0" timestamp="2023-03-06T22:58:03 ACDT" skipped="0">
  <testcase classname="package1Test.dataProviderTesting" name="test1" time="0.001"/>
  <system-out/>
  <testcase classname="package1Test.dataProviderTesting" name="test1" time="0.007"/>
  <system-out/>
</testsuite> <!-- package1Test.dataProviderTesting -->
